---------------------------------------
Begin Slurm Prolog: Apr-17-2024 18:21:20
Job ID:    5716953
User ID:   ichadha3
Account:   gts-ychen3538
Job name:  acmpc_nowind
Partition: gpu-a100
QOS:       inferno
---------------------------------------
Using cuda device
PPO init
Created ACMPC model
Learning setup complete
Collecting rollouts
Rollout 0 / 512
Rollout 1 / 512
Rollout 2 / 512
Rollout 3 / 512
Rollout 4 / 512
Rollout 5 / 512
Rollout 6 / 512
Rollout 7 / 512
Rollout 8 / 512
Rollout 9 / 512
Rollout 10 / 512
Rollout 11 / 512
Rollout 12 / 512
Rollout 13 / 512
Rollout 14 / 512
Rollout 15 / 512
Rollout 16 / 512
Rollout 17 / 512
Rollout 18 / 512
Rollout 19 / 512
Rollout 20 / 512
Rollout 21 / 512
Rollout 22 / 512
Rollout 23 / 512
Rollout 24 / 512
Rollout 25 / 512
Rollout 26 / 512
Rollout 27 / 512
Rollout 28 / 512
Rollout 29 / 512
Rollout 30 / 512
Rollout 31 / 512
Rollout 32 / 512
Rollout 33 / 512
Rollout 34 / 512
Rollout 35 / 512
Rollout 36 / 512
Rollout 37 / 512
Rollout 38 / 512
Rollout 39 / 512
Rollout 40 / 512
Rollout 41 / 512
Rollout 42 / 512
Rollout 43 / 512
Rollout 44 / 512
Rollout 45 / 512
Rollout 46 / 512
Rollout 47 / 512
Rollout 48 / 512
Rollout 49 / 512
Rollout 50 / 512
Rollout 51 / 512
Rollout 52 / 512
Rollout 53 / 512
Rollout 54 / 512
Rollout 55 / 512
Rollout 56 / 512
Rollout 57 / 512
Rollout 58 / 512
Rollout 59 / 512
Rollout 60 / 512
Rollout 61 / 512
Rollout 62 / 512
Rollout 63 / 512
Rollout 64 / 512
Rollout 65 / 512
Rollout 66 / 512
Rollout 67 / 512
Rollout 68 / 512
Rollout 69 / 512
Rollout 70 / 512
Rollout 71 / 512
Rollout 72 / 512
Rollout 73 / 512
Rollout 74 / 512
Rollout 75 / 512
Rollout 76 / 512
Rollout 77 / 512
Rollout 78 / 512
Rollout 79 / 512
Rollout 80 / 512
Rollout 81 / 512
Rollout 82 / 512
Rollout 83 / 512
Rollout 84 / 512
Rollout 85 / 512
Rollout 86 / 512
Rollout 87 / 512
Rollout 88 / 512
Rollout 89 / 512
Rollout 90 / 512
Rollout 91 / 512
Rollout 92 / 512
Rollout 93 / 512
Rollout 94 / 512
Rollout 95 / 512
Rollout 96 / 512
Rollout 97 / 512
Rollout 98 / 512
Rollout 99 / 512
Rollout 100 / 512
Rollout 101 / 512
Rollout 102 / 512
Rollout 103 / 512
Rollout 104 / 512
Rollout 105 / 512
Rollout 106 / 512
Rollout 107 / 512
Rollout 108 / 512
Rollout 109 / 512
Rollout 110 / 512
Rollout 111 / 512
Rollout 112 / 512
Rollout 113 / 512
Rollout 114 / 512
Rollout 115 / 512
Rollout 116 / 512
Rollout 117 / 512
Rollout 118 / 512
Rollout 119 / 512
Rollout 120 / 512
Rollout 121 / 512
Rollout 122 / 512
Rollout 123 / 512
Rollout 124 / 512
Rollout 125 / 512
Rollout 126 / 512
Rollout 127 / 512
Rollout 128 / 512
Rollout 129 / 512
Rollout 130 / 512
Rollout 131 / 512
Rollout 132 / 512
Rollout 133 / 512
Rollout 134 / 512
Rollout 135 / 512
Rollout 136 / 512
Rollout 137 / 512
Rollout 138 / 512
Rollout 139 / 512
Rollout 140 / 512
Rollout 141 / 512
Rollout 142 / 512
Rollout 143 / 512
Rollout 144 / 512
Rollout 145 / 512
Rollout 146 / 512
Rollout 147 / 512
Rollout 148 / 512
Rollout 149 / 512
Rollout 150 / 512
Rollout 151 / 512
Rollout 152 / 512
Rollout 153 / 512
Rollout 154 / 512
Rollout 155 / 512
Rollout 156 / 512
Rollout 157 / 512
Rollout 158 / 512
Rollout 159 / 512
Rollout 160 / 512
Rollout 161 / 512
Rollout 162 / 512
Rollout 163 / 512
Rollout 164 / 512
Rollout 165 / 512
Rollout 166 / 512
Rollout 167 / 512
Rollout 168 / 512
Rollout 169 / 512
Rollout 170 / 512
Rollout 171 / 512
Rollout 172 / 512
Rollout 173 / 512
Rollout 174 / 512
Rollout 175 / 512
Rollout 176 / 512
Rollout 177 / 512
Rollout 178 / 512
Rollout 179 / 512
Rollout 180 / 512
Rollout 181 / 512
Rollout 182 / 512
Rollout 183 / 512
Rollout 184 / 512
Rollout 185 / 512
Rollout 186 / 512
Rollout 187 / 512
Rollout 188 / 512
Rollout 189 / 512
Rollout 190 / 512
Rollout 191 / 512
Rollout 192 / 512
Rollout 193 / 512
Rollout 194 / 512
Rollout 195 / 512
Rollout 196 / 512
Rollout 197 / 512
Rollout 198 / 512
Rollout 199 / 512
Rollout 200 / 512
Rollout 201 / 512
Rollout 202 / 512
Rollout 203 / 512
Rollout 204 / 512
Rollout 205 / 512
Rollout 206 / 512
Rollout 207 / 512
Rollout 208 / 512
Rollout 209 / 512
Rollout 210 / 512
Rollout 211 / 512
Rollout 212 / 512
Rollout 213 / 512
Rollout 214 / 512
Rollout 215 / 512
Rollout 216 / 512
Rollout 217 / 512
Rollout 218 / 512
Rollout 219 / 512
Rollout 220 / 512
Rollout 221 / 512
Rollout 222 / 512
Rollout 223 / 512
Rollout 224 / 512
Rollout 225 / 512
Rollout 226 / 512
Rollout 227 / 512
Rollout 228 / 512
Rollout 229 / 512
Rollout 230 / 512
Rollout 231 / 512
Rollout 232 / 512
Rollout 233 / 512
Rollout 234 / 512
Rollout 235 / 512
Rollout 236 / 512
Rollout 237 / 512
Rollout 238 / 512
Rollout 239 / 512
Rollout 240 / 512
Rollout 241 / 512
Rollout 242 / 512
Rollout 243 / 512
Rollout 244 / 512
Rollout 245 / 512
Rollout 246 / 512
Rollout 247 / 512
Rollout 248 / 512
Rollout 249 / 512
Rollout 250 / 512
Rollout 251 / 512
Rollout 252 / 512
Rollout 253 / 512
Rollout 254 / 512
Rollout 255 / 512
Rollout 256 / 512
Rollout 257 / 512
Rollout 258 / 512
Rollout 259 / 512
Rollout 260 / 512
Rollout 261 / 512
Rollout 262 / 512
Rollout 263 / 512
Rollout 264 / 512
Rollout 265 / 512
Rollout 266 / 512
Rollout 267 / 512
Rollout 268 / 512
Rollout 269 / 512
Rollout 270 / 512
Rollout 271 / 512
Rollout 272 / 512
Rollout 273 / 512
Rollout 274 / 512
Rollout 275 / 512
Rollout 276 / 512
Rollout 277 / 512
Rollout 278 / 512
Rollout 279 / 512
Rollout 280 / 512
Rollout 281 / 512
Rollout 282 / 512
Rollout 283 / 512
Rollout 284 / 512
Rollout 285 / 512
Rollout 286 / 512
Rollout 287 / 512
Rollout 288 / 512
Rollout 289 / 512
Rollout 290 / 512
Rollout 291 / 512
Rollout 292 / 512
Rollout 293 / 512
Rollout 294 / 512
Rollout 295 / 512
Rollout 296 / 512
Rollout 297 / 512
Rollout 298 / 512
Rollout 299 / 512
Rollout 300 / 512
Rollout 301 / 512
Rollout 302 / 512
Rollout 303 / 512
Rollout 304 / 512
Rollout 305 / 512
Rollout 306 / 512
Rollout 307 / 512
Rollout 308 / 512
Rollout 309 / 512
Rollout 310 / 512
Rollout 311 / 512
Rollout 312 / 512
Rollout 313 / 512
Rollout 314 / 512
Rollout 315 / 512
Rollout 316 / 512
Rollout 317 / 512
Rollout 318 / 512
Rollout 319 / 512
Rollout 320 / 512
Rollout 321 / 512
Rollout 322 / 512
Rollout 323 / 512
Rollout 324 / 512
Rollout 325 / 512
Rollout 326 / 512
Rollout 327 / 512
Rollout 328 / 512
Rollout 329 / 512
Rollout 330 / 512
Rollout 331 / 512
Rollout 332 / 512
Rollout 333 / 512
Rollout 334 / 512
Rollout 335 / 512
Rollout 336 / 512
Rollout 337 / 512
Rollout 338 / 512
Rollout 339 / 512
Rollout 340 / 512
Rollout 341 / 512
Rollout 342 / 512
Rollout 343 / 512
Rollout 344 / 512
Rollout 345 / 512
Rollout 346 / 512
Rollout 347 / 512
Rollout 348 / 512
Rollout 349 / 512
Rollout 350 / 512
Rollout 351 / 512
Rollout 352 / 512
Rollout 353 / 512
Rollout 354 / 512
Rollout 355 / 512
Rollout 356 / 512
Rollout 357 / 512
Rollout 358 / 512
Rollout 359 / 512
Rollout 360 / 512
Rollout 361 / 512
Rollout 362 / 512
Rollout 363 / 512
Rollout 364 / 512
Rollout 365 / 512
Rollout 366 / 512
Rollout 367 / 512
Rollout 368 / 512
Rollout 369 / 512
Rollout 370 / 512
Rollout 371 / 512
Rollout 372 / 512
Rollout 373 / 512
Rollout 374 / 512
Rollout 375 / 512
Rollout 376 / 512
Rollout 377 / 512
Rollout 378 / 512
Rollout 379 / 512
Rollout 380 / 512
Rollout 381 / 512
Rollout 382 / 512
Rollout 383 / 512
Rollout 384 / 512
Rollout 385 / 512
Rollout 386 / 512
Rollout 387 / 512
Rollout 388 / 512
Rollout 389 / 512
Rollout 390 / 512
Rollout 391 / 512
Rollout 392 / 512
Rollout 393 / 512
Rollout 394 / 512
Rollout 395 / 512
Rollout 396 / 512
Rollout 397 / 512
Rollout 398 / 512
Rollout 399 / 512
Rollout 400 / 512
Rollout 401 / 512
Rollout 402 / 512
Rollout 403 / 512
Rollout 404 / 512
Rollout 405 / 512
Rollout 406 / 512
Rollout 407 / 512
Rollout 408 / 512
Rollout 409 / 512
Rollout 410 / 512
Rollout 411 / 512
Rollout 412 / 512
Rollout 413 / 512
Rollout 414 / 512
Rollout 415 / 512
Rollout 416 / 512
Rollout 417 / 512
Rollout 418 / 512
Rollout 419 / 512
Rollout 420 / 512
Rollout 421 / 512
Rollout 422 / 512
Rollout 423 / 512
Rollout 424 / 512
Rollout 425 / 512
Rollout 426 / 512
Rollout 427 / 512
Rollout 428 / 512
Rollout 429 / 512
Rollout 430 / 512
Rollout 431 / 512
Rollout 432 / 512
Rollout 433 / 512
Rollout 434 / 512
Rollout 435 / 512
Rollout 436 / 512
Rollout 437 / 512
Rollout 438 / 512
Rollout 439 / 512
Rollout 440 / 512
Rollout 441 / 512
Rollout 442 / 512
Rollout 443 / 512
Rollout 444 / 512
Rollout 445 / 512
Rollout 446 / 512
Rollout 447 / 512
Rollout 448 / 512
Rollout 449 / 512
Rollout 450 / 512
Rollout 451 / 512
Rollout 452 / 512
Rollout 453 / 512
Rollout 454 / 512
Rollout 455 / 512
Rollout 456 / 512
Rollout 457 / 512
Rollout 458 / 512
Rollout 459 / 512
Rollout 460 / 512
Rollout 461 / 512
Rollout 462 / 512
Rollout 463 / 512
Rollout 464 / 512
Rollout 465 / 512
Rollout 466 / 512
Rollout 467 / 512
Rollout 468 / 512
Rollout 469 / 512
Rollout 470 / 512
Rollout 471 / 512
Rollout 472 / 512
Rollout 473 / 512
Rollout 474 / 512
Rollout 475 / 512
Rollout 476 / 512
Rollout 477 / 512
Rollout 478 / 512
Rollout 479 / 512
Rollout 480 / 512
Rollout 481 / 512
Rollout 482 / 512
Rollout 483 / 512
Rollout 484 / 512
Rollout 485 / 512
Rollout 486 / 512
Rollout 487 / 512
Rollout 488 / 512
Rollout 489 / 512
Rollout 490 / 512
Rollout 491 / 512
Rollout 492 / 512
Rollout 493 / 512
Rollout 494 / 512
Rollout 495 / 512
Rollout 496 / 512
Rollout 497 / 512
Rollout 498 / 512
Rollout 499 / 512
Rollout 500 / 512
Rollout 501 / 512
Rollout 502 / 512
Rollout 503 / 512
Rollout 504 / 512
Rollout 505 / 512
Rollout 506 / 512
Rollout 507 / 512
Rollout 508 / 512
Rollout 509 / 512
Rollout 510 / 512
Rollout 511 / 512
---------------------------------
| rollout/           |          |
|    ep_len_mean     | 14.9     |
|    ep_rew_mean     | -25      |
| time/              |          |
|    fps             | 32       |
|    iterations      | 1        |
|    time_elapsed    | 506      |
|    total_timesteps | 16384    |
---------------------------------
Training for 10 epochs:
  0%|          | 0/10 [00:00<?, ?it/s] 10%|█         | 1/10 [08:20<1:15:03, 500.37s/it] 20%|██        | 2/10 [16:40<1:06:42, 500.37s/it] 30%|███       | 3/10 [25:03<58:29, 501.36s/it]   40%|████      | 4/10 [33:24<50:08, 501.49s/it] 50%|█████     | 5/10 [41:45<41:44, 500.97s/it] 60%|██████    | 6/10 [50:04<33:21, 500.45s/it] 70%|███████   | 7/10 [58:26<25:02, 500.91s/it] 80%|████████  | 8/10 [1:06:48<16:42, 501.43s/it] 90%|█████████ | 9/10 [1:15:11<08:21, 501.84s/it]100%|██████████| 10/10 [1:23:35<00:00, 502.36s/it]100%|██████████| 10/10 [1:23:35<00:00, 501.51s/it]
Traceback (most recent call last):
  File "/storage/coda1/p-ychen3538/0/ichadha3/ishan/rlr/gym_multirotor/examples/play_multirotor.py", line 121, in <module>
    main_mpc_nowind()
  File "/storage/coda1/p-ychen3538/0/ichadha3/ishan/rlr/gym_multirotor/examples/play_multirotor.py", line 113, in main_mpc_nowind
    model.train()
  File "/storage/coda1/p-ychen3538/0/ichadha3/ishan/rlr/gym_multirotor/examples/mpc_rl/model.py", line 143, in train
    obs = self.actor_critic.reset()
          ^^^^^^^^^^^^^^^^^^^^^^^
AttributeError: 'PPO' object has no attribute 'reset'
---------------------------------------
Begin Slurm Epilog: Apr-17-2024 19:53:38
Job ID:        5716953
Array Job ID:  _4294967294
User ID:       ichadha3
Account:       gts-ychen3538
Job name:      acmpc_nowind
Resources:     cpu=8,gres/gpu:a100=1,mem=32G,node=1
Rsrc Used:     cput=12:18:24,vmem=1485576K,walltime=01:32:18,mem=1382224K,energy_used=0
Partition:     gpu-a100
QOS:           inferno
Nodes:         atl1-1-01-006-11-0
---------------------------------------
